This is pdfTeX, Version 3.141592653-2.6-1.40.22 (TeX Live 2022/dev/Debian) (preloaded format=pdflatex 2024.5.14)  14 JUN 2024 16:07
entering extended mode
 restricted \write18 enabled.
 %&-line parsing enabled.
**report.tex
(./report.tex
LaTeX2e <2021-11-15> patch level 1
L3 programming layer <2022-01-21>
(/usr/share/texlive/texmf-dist/tex/latex/base/article.cls
Document Class: article 2021/10/04 v1.4n Standard LaTeX document class
(/usr/share/texlive/texmf-dist/tex/latex/base/size10.clo
File: size10.clo 2021/10/04 v1.4n Standard LaTeX file (size option)
)
\c@part=\count185
\c@section=\count186
\c@subsection=\count187
\c@subsubsection=\count188
\c@paragraph=\count189
\c@subparagraph=\count190
\c@figure=\count191
\c@table=\count192
\abovecaptionskip=\skip47
\belowcaptionskip=\skip48
\bibindent=\dimen138
)
(/usr/share/texlive/texmf-dist/tex/latex/graphics/graphicx.sty
Package: graphicx 2021/09/16 v1.2d Enhanced LaTeX Graphics (DPC,SPQR)

(/usr/share/texlive/texmf-dist/tex/latex/graphics/keyval.sty
Package: keyval 2014/10/28 v1.15 key=value parser (DPC)
\KV@toks@=\toks16
)
(/usr/share/texlive/texmf-dist/tex/latex/graphics/graphics.sty
Package: graphics 2021/03/04 v1.4d Standard LaTeX Graphics (DPC,SPQR)

(/usr/share/texlive/texmf-dist/tex/latex/graphics/trig.sty
Package: trig 2021/08/11 v1.11 sin cos tan (DPC)
)
(/usr/share/texlive/texmf-dist/tex/latex/graphics-cfg/graphics.cfg
File: graphics.cfg 2016/06/04 v1.11 sample graphics configuration
)
Package graphics Info: Driver file: pdftex.def on input line 107.

(/usr/share/texlive/texmf-dist/tex/latex/graphics-def/pdftex.def
File: pdftex.def 2020/10/05 v1.2a Graphics/color driver for pdftex
))
\Gin@req@height=\dimen139
\Gin@req@width=\dimen140
)
(/usr/share/texlive/texmf-dist/tex/latex/geometry/geometry.sty
Package: geometry 2020/01/02 v5.9 Page Geometry

(/usr/share/texlive/texmf-dist/tex/generic/iftex/ifvtex.sty
Package: ifvtex 2019/10/25 v1.7 ifvtex legacy package. Use iftex instead.

(/usr/share/texlive/texmf-dist/tex/generic/iftex/iftex.sty
Package: iftex 2020/03/06 v1.0d TeX engine tests
))
\Gm@cnth=\count193
\Gm@cntv=\count194
\c@Gm@tempcnt=\count195
\Gm@bindingoffset=\dimen141
\Gm@wd@mp=\dimen142
\Gm@odd@mp=\dimen143
\Gm@even@mp=\dimen144
\Gm@layoutwidth=\dimen145
\Gm@layoutheight=\dimen146
\Gm@layouthoffset=\dimen147
\Gm@layoutvoffset=\dimen148
\Gm@dimlist=\toks17
)
(/usr/share/texlive/texmf-dist/tex/latex/caption/subcaption.sty
Package: subcaption 2020/10/07 v1.3j Sub-captions (AR)

(/usr/share/texlive/texmf-dist/tex/latex/caption/caption.sty
Package: caption 2020/10/26 v3.5g Customizing captions (AR)

(/usr/share/texlive/texmf-dist/tex/latex/caption/caption3.sty
Package: caption3 2020/10/21 v2.2e caption3 kernel (AR)
\captionmargin=\dimen149
\captionmargin@=\dimen150
\captionwidth=\dimen151
\caption@tempdima=\dimen152
\caption@indent=\dimen153
\caption@parindent=\dimen154
\caption@hangindent=\dimen155
Package caption Info: Standard document class detected.
)
\c@caption@flags=\count196
\c@continuedfloat=\count197
)
\c@subfigure=\count198
\c@subtable=\count199
)
(/usr/share/texlive/texmf-dist/tex/latex/ragged2e/ragged2e.sty
Package: ragged2e 2021/12/15 v3.1 ragged2e Package
\CenteringLeftskip=\skip49
\RaggedLeftLeftskip=\skip50
\RaggedRightLeftskip=\skip51
\CenteringRightskip=\skip52
\RaggedLeftRightskip=\skip53
\RaggedRightRightskip=\skip54
\CenteringParfillskip=\skip55
\RaggedLeftParfillskip=\skip56
\RaggedRightParfillskip=\skip57
\JustifyingParfillskip=\skip58
\CenteringParindent=\skip59
\RaggedLeftParindent=\skip60
\RaggedRightParindent=\skip61
\JustifyingParindent=\skip62
)
(/usr/share/texlive/texmf-dist/tex/latex/hyperref/hyperref.sty
Package: hyperref 2021-06-07 v7.00m Hypertext links for LaTeX

(/usr/share/texlive/texmf-dist/tex/generic/ltxcmds/ltxcmds.sty
Package: ltxcmds 2020-05-10 v1.25 LaTeX kernel commands for general use (HO)
)
(/usr/share/texlive/texmf-dist/tex/generic/pdftexcmds/pdftexcmds.sty
Package: pdftexcmds 2020-06-27 v0.33 Utility functions of pdfTeX for LuaTeX (HO
)

(/usr/share/texlive/texmf-dist/tex/generic/infwarerr/infwarerr.sty
Package: infwarerr 2019/12/03 v1.5 Providing info/warning/error messages (HO)
)
Package pdftexcmds Info: \pdf@primitive is available.
Package pdftexcmds Info: \pdf@ifprimitive is available.
Package pdftexcmds Info: \pdfdraftmode found.
)
(/usr/share/texlive/texmf-dist/tex/generic/kvsetkeys/kvsetkeys.sty
Package: kvsetkeys 2019/12/15 v1.18 Key value parser (HO)
)
(/usr/share/texlive/texmf-dist/tex/generic/kvdefinekeys/kvdefinekeys.sty
Package: kvdefinekeys 2019-12-19 v1.6 Define keys (HO)
)
(/usr/share/texlive/texmf-dist/tex/generic/pdfescape/pdfescape.sty
Package: pdfescape 2019/12/09 v1.15 Implements pdfTeX's escape features (HO)
)
(/usr/share/texlive/texmf-dist/tex/latex/hycolor/hycolor.sty
Package: hycolor 2020-01-27 v1.10 Color options for hyperref/bookmark (HO)
)
(/usr/share/texlive/texmf-dist/tex/latex/letltxmacro/letltxmacro.sty
Package: letltxmacro 2019/12/03 v1.6 Let assignment for LaTeX macros (HO)
)
(/usr/share/texlive/texmf-dist/tex/latex/auxhook/auxhook.sty
Package: auxhook 2019-12-17 v1.6 Hooks for auxiliary files (HO)
)
(/usr/share/texlive/texmf-dist/tex/latex/kvoptions/kvoptions.sty
Package: kvoptions 2020-10-07 v3.14 Key value format for package options (HO)
)
\@linkdim=\dimen156
\Hy@linkcounter=\count266
\Hy@pagecounter=\count267

(/usr/share/texlive/texmf-dist/tex/latex/hyperref/pd1enc.def
File: pd1enc.def 2021-06-07 v7.00m Hyperref: PDFDocEncoding definition (HO)
Now handling font encoding PD1 ...
... no UTF-8 mapping file for font encoding PD1
)
(/usr/share/texlive/texmf-dist/tex/latex/hyperref/hyperref-langpatches.def
File: hyperref-langpatches.def 2021-06-07 v7.00m Hyperref: patches for babel la
nguages
)
(/usr/share/texlive/texmf-dist/tex/generic/intcalc/intcalc.sty
Package: intcalc 2019/12/15 v1.3 Expandable calculations with integers (HO)
)
(/usr/share/texlive/texmf-dist/tex/generic/etexcmds/etexcmds.sty
Package: etexcmds 2019/12/15 v1.7 Avoid name clashes with e-TeX commands (HO)
)
\Hy@SavedSpaceFactor=\count268

(/usr/share/texlive/texmf-dist/tex/latex/hyperref/puenc.def
File: puenc.def 2021-06-07 v7.00m Hyperref: PDF Unicode definition (HO)
Now handling font encoding PU ...
... no UTF-8 mapping file for font encoding PU
)
Package hyperref Info: Hyper figures OFF on input line 4192.
Package hyperref Info: Link nesting OFF on input line 4197.
Package hyperref Info: Hyper index ON on input line 4200.
Package hyperref Info: Plain pages OFF on input line 4207.
Package hyperref Info: Backreferencing OFF on input line 4212.
Package hyperref Info: Implicit mode ON; LaTeX internals redefined.
Package hyperref Info: Bookmarks ON on input line 4445.
\c@Hy@tempcnt=\count269

(/usr/share/texlive/texmf-dist/tex/latex/url/url.sty
\Urlmuskip=\muskip16
Package: url 2013/09/16  ver 3.4  Verb mode for urls, etc.
)
LaTeX Info: Redefining \url on input line 4804.
\XeTeXLinkMargin=\dimen157

(/usr/share/texlive/texmf-dist/tex/generic/bitset/bitset.sty
Package: bitset 2019/12/09 v1.3 Handle bit-vector datatype (HO)

(/usr/share/texlive/texmf-dist/tex/generic/bigintcalc/bigintcalc.sty
Package: bigintcalc 2019/12/15 v1.5 Expandable calculations on big integers (HO
)
))
\Fld@menulength=\count270
\Field@Width=\dimen158
\Fld@charsize=\dimen159
Package hyperref Info: Hyper figures OFF on input line 6076.
Package hyperref Info: Link nesting OFF on input line 6081.
Package hyperref Info: Hyper index ON on input line 6084.
Package hyperref Info: backreferencing OFF on input line 6091.
Package hyperref Info: Link coloring OFF on input line 6096.
Package hyperref Info: Link coloring with OCG OFF on input line 6101.
Package hyperref Info: PDF/A mode OFF on input line 6106.
LaTeX Info: Redefining \ref on input line 6146.
LaTeX Info: Redefining \pageref on input line 6150.

(/usr/share/texlive/texmf-dist/tex/latex/base/atbegshi-ltx.sty
Package: atbegshi-ltx 2021/01/10 v1.0c Emulation of the original atbegshi
package with kernel methods
)
\Hy@abspage=\count271
\c@Item=\count272
\c@Hfootnote=\count273
)
Package hyperref Info: Driver (autodetected): hpdftex.

(/usr/share/texlive/texmf-dist/tex/latex/hyperref/hpdftex.def
File: hpdftex.def 2021-06-07 v7.00m Hyperref driver for pdfTeX

(/usr/share/texlive/texmf-dist/tex/latex/base/atveryend-ltx.sty
Package: atveryend-ltx 2020/08/19 v1.0a Emulation of the original atveryend pac
kage
with kernel methods
)
\Fld@listcount=\count274
\c@bookmark@seq@number=\count275

(/usr/share/texlive/texmf-dist/tex/latex/rerunfilecheck/rerunfilecheck.sty
Package: rerunfilecheck 2019/12/05 v1.9 Rerun checks for auxiliary files (HO)

(/usr/share/texlive/texmf-dist/tex/generic/uniquecounter/uniquecounter.sty
Package: uniquecounter 2019/12/15 v1.4 Provide unlimited unique counter (HO)
)
Package uniquecounter Info: New unique counter `rerunfilecheck' on input line 2
86.
)
\Hy@SectionHShift=\skip63
)
Package hyperref Info: Option `colorlinks' set `true' on input line 13.

(/usr/share/texlive/texmf-dist/tex/latex/amsmath/amsmath.sty
Package: amsmath 2021/10/15 v2.17l AMS math features
\@mathmargin=\skip64

For additional information on amsmath, use the `?' option.
(/usr/share/texlive/texmf-dist/tex/latex/amsmath/amstext.sty
Package: amstext 2021/08/26 v2.01 AMS text

(/usr/share/texlive/texmf-dist/tex/latex/amsmath/amsgen.sty
File: amsgen.sty 1999/11/30 v2.0 generic functions
\@emptytoks=\toks18
\ex@=\dimen160
))
(/usr/share/texlive/texmf-dist/tex/latex/amsmath/amsbsy.sty
Package: amsbsy 1999/11/29 v1.2d Bold Symbols
\pmbraise@=\dimen161
)
(/usr/share/texlive/texmf-dist/tex/latex/amsmath/amsopn.sty
Package: amsopn 2021/08/26 v2.02 operator names
)
\inf@bad=\count276
LaTeX Info: Redefining \frac on input line 234.
\uproot@=\count277
\leftroot@=\count278
LaTeX Info: Redefining \overline on input line 399.
\classnum@=\count279
\DOTSCASE@=\count280
LaTeX Info: Redefining \ldots on input line 496.
LaTeX Info: Redefining \dots on input line 499.
LaTeX Info: Redefining \cdots on input line 620.
\Mathstrutbox@=\box50
\strutbox@=\box51
\big@size=\dimen162
LaTeX Font Info:    Redeclaring font encoding OML on input line 743.
LaTeX Font Info:    Redeclaring font encoding OMS on input line 744.
\macc@depth=\count281
\c@MaxMatrixCols=\count282
\dotsspace@=\muskip17
\c@parentequation=\count283
\dspbrk@lvl=\count284
\tag@help=\toks19
\row@=\count285
\column@=\count286
\maxfields@=\count287
\andhelp@=\toks20
\eqnshift@=\dimen163
\alignsep@=\dimen164
\tagshift@=\dimen165
\tagwidth@=\dimen166
\totwidth@=\dimen167
\lineht@=\dimen168
\@envbody=\toks21
\multlinegap=\skip65
\multlinetaggap=\skip66
\mathdisplay@stack=\toks22
LaTeX Info: Redefining \[ on input line 2938.
LaTeX Info: Redefining \] on input line 2939.
)
(/usr/share/texlive/texmf-dist/tex/latex/listings/listings.sty
\lst@mode=\count288
\lst@gtempboxa=\box52
\lst@token=\toks23
\lst@length=\count289
\lst@currlwidth=\dimen169
\lst@column=\count290
\lst@pos=\count291
\lst@lostspace=\dimen170
\lst@width=\dimen171
\lst@newlines=\count292
\lst@lineno=\count293
\lst@maxwidth=\dimen172

(/usr/share/texlive/texmf-dist/tex/latex/listings/lstmisc.sty
File: lstmisc.sty 2020/03/24 1.8d (Carsten Heinz)
\c@lstnumber=\count294
\lst@skipnumbers=\count295
\lst@framebox=\box53
)
(/usr/share/texlive/texmf-dist/tex/latex/listings/listings.cfg
File: listings.cfg 2020/03/24 1.8d listings configuration
))
Package: listings 2020/03/24 1.8d (Carsten Heinz)

(/usr/share/texlive/texmf-dist/tex/latex/natbib/natbib.sty
Package: natbib 2010/09/13 8.31b (PWD, AO)
\bibhang=\skip67
\bibsep=\skip68
LaTeX Info: Redefining \cite on input line 694.
\c@NAT@ctr=\count296
)
(/usr/share/texlive/texmf-dist/tex/latex/xcolor/xcolor.sty
Package: xcolor 2021/10/31 v2.13 LaTeX color extensions (UK)

(/usr/share/texlive/texmf-dist/tex/latex/graphics-cfg/color.cfg
File: color.cfg 2016/01/02 v1.6 sample color configuration
)
Package xcolor Info: Driver file: pdftex.def on input line 227.
Package xcolor Info: Model `cmy' substituted by `cmy0' on input line 1352.
Package xcolor Info: Model `hsb' substituted by `rgb' on input line 1356.
Package xcolor Info: Model `RGB' extended on input line 1368.
Package xcolor Info: Model `HTML' substituted by `rgb' on input line 1370.
Package xcolor Info: Model `Hsb' substituted by `hsb' on input line 1371.
Package xcolor Info: Model `tHsb' substituted by `hsb' on input line 1372.
Package xcolor Info: Model `HSB' substituted by `hsb' on input line 1373.
Package xcolor Info: Model `Gray' substituted by `gray' on input line 1374.
Package xcolor Info: Model `wave' substituted by `hsb' on input line 1375.

(/usr/share/texlive/texmf-dist/tex/latex/graphics/dvipsnam.def
File: dvipsnam.def 2016/06/17 v3.0m Driver-dependent file (DPC,SPQR)
))
(/usr/share/texlive/texmf-dist/tex/latex/l3backend/l3backend-pdftex.def
File: l3backend-pdftex.def 2022-01-12 L3 backend support: PDF output (pdfTeX)
\l__color_backend_stack_int=\count297
\l__pdf_internal_box=\box54
)
(./report.aux)
\openout1 = `report.aux'.

LaTeX Font Info:    Checking defaults for OML/cmm/m/it on input line 18.
LaTeX Font Info:    ... okay on input line 18.
LaTeX Font Info:    Checking defaults for OMS/cmsy/m/n on input line 18.
LaTeX Font Info:    ... okay on input line 18.
LaTeX Font Info:    Checking defaults for OT1/cmr/m/n on input line 18.
LaTeX Font Info:    ... okay on input line 18.
LaTeX Font Info:    Checking defaults for T1/cmr/m/n on input line 18.
LaTeX Font Info:    ... okay on input line 18.
LaTeX Font Info:    Checking defaults for TS1/cmr/m/n on input line 18.
LaTeX Font Info:    ... okay on input line 18.
LaTeX Font Info:    Checking defaults for OMX/cmex/m/n on input line 18.
LaTeX Font Info:    ... okay on input line 18.
LaTeX Font Info:    Checking defaults for U/cmr/m/n on input line 18.
LaTeX Font Info:    ... okay on input line 18.
LaTeX Font Info:    Checking defaults for PD1/pdf/m/n on input line 18.
LaTeX Font Info:    ... okay on input line 18.
LaTeX Font Info:    Checking defaults for PU/pdf/m/n on input line 18.
LaTeX Font Info:    ... okay on input line 18.

(/usr/share/texlive/texmf-dist/tex/context/base/mkii/supp-pdf.mkii
[Loading MPS to PDF converter (version 2006.09.02).]
\scratchcounter=\count298
\scratchdimen=\dimen173
\scratchbox=\box55
\nofMPsegments=\count299
\nofMParguments=\count300
\everyMPshowfont=\toks24
\MPscratchCnt=\count301
\MPscratchDim=\dimen174
\MPnumerator=\count302
\makeMPintoPDFobject=\count303
\everyMPtoPDFconversion=\toks25
) (/usr/share/texlive/texmf-dist/tex/latex/epstopdf-pkg/epstopdf-base.sty
Package: epstopdf-base 2020-01-24 v2.11 Base part for package epstopdf

(/usr/share/texlive/texmf-dist/tex/latex/grfext/grfext.sty
Package: grfext 2019/12/03 v1.3 Manage graphics extensions (HO)
)
Package epstopdf-base Info: Redefining graphics rule for `.eps' on input line 4
85.
Package grfext Info: Graphics extension search list:
(grfext)             [.pdf,.png,.jpg,.mps,.jpeg,.jbig2,.jb2,.PDF,.PNG,.JPG,.JPE
G,.JBIG2,.JB2,.eps]
(grfext)             \AppendGraphicsExtensions on input line 504.

(/usr/share/texlive/texmf-dist/tex/latex/latexconfig/epstopdf-sys.cfg
File: epstopdf-sys.cfg 2010/07/13 v1.3 Configuration of (r)epstopdf for TeX Liv
e
))
*geometry* driver: auto-detecting
*geometry* detected driver: pdftex
*geometry* verbose mode - [ preamble ] result:
* driver: pdftex
* paper: a4paper
* layout: <same size as paper>
* layoutoffset:(h,v)=(0.0pt,0.0pt)
* modes: 
* h-part:(L,W,R)=(85.35826pt, 426.79135pt, 85.35826pt)
* v-part:(T,H,B)=(86.72377pt, 671.5993pt, 86.72377pt)
* \paperwidth=597.50787pt
* \paperheight=845.04684pt
* \textwidth=426.79135pt
* \textheight=671.5993pt
* \oddsidemargin=13.08827pt
* \evensidemargin=13.08827pt
* \topmargin=-22.54622pt
* \headheight=12.0pt
* \headsep=25.0pt
* \topskip=10.0pt
* \footskip=30.0pt
* \marginparwidth=65.0pt
* \marginparsep=11.0pt
* \columnsep=10.0pt
* \skip\footins=9.0pt plus 4.0pt minus 2.0pt
* \hoffset=0.0pt
* \voffset=0.0pt
* \mag=1000
* \@twocolumnfalse
* \@twosidefalse
* \@mparswitchfalse
* \@reversemarginfalse
* (1in=72.27pt=25.4mm, 1cm=28.453pt)

Package caption Info: Begin \AtBeginDocument code.
Package caption Info: hyperref package is loaded.
Package caption Info: listings package is loaded.
Package caption Info: End \AtBeginDocument code.
Package hyperref Info: Link coloring ON on input line 18.
(/usr/share/texlive/texmf-dist/tex/latex/hyperref/nameref.sty
Package: nameref 2021-04-02 v2.47 Cross-referencing by name of section

(/usr/share/texlive/texmf-dist/tex/latex/refcount/refcount.sty
Package: refcount 2019/12/15 v3.6 Data extraction from label references (HO)
)
(/usr/share/texlive/texmf-dist/tex/generic/gettitlestring/gettitlestring.sty
Package: gettitlestring 2019/12/15 v1.6 Cleanup title references (HO)
)
\c@section@level=\count304
)
LaTeX Info: Redefining \ref on input line 18.
LaTeX Info: Redefining \pageref on input line 18.
LaTeX Info: Redefining \nameref on input line 18.

(./report.out) (./report.out)
\@outlinefile=\write3
\openout3 = `report.out'.

\c@lstlisting=\count305
 (./coverpage.tex
<../fig/GrenobleINP_ense3_logo.png, id=136, 2569.6pt x 1074.0125pt>
File: ../fig/GrenobleINP_ense3_logo.png Graphic file (type png)
<use ../fig/GrenobleINP_ense3_logo.png>
Package pdftex.def Info: ../fig/GrenobleINP_ense3_logo.png  used on input line 
5.
(pdftex.def)             Requested size: 213.39568pt x 89.18398pt.
 [1

{/var/lib/texmf/fonts/map/pdftex/updmap/pdftex.map} <../fig/GrenobleINP_ense3_l
ogo.png>]) (./abstract.tex
[2

]) (./acknowledgements.tex [3

]) (./report.toc)
\tf@toc=\write4
\openout4 = `report.toc'.

 [4

]
<../fig/Numerical_modelling_scheme.png, id=214, 747.2718pt x 156.1032pt>
File: ../fig/Numerical_modelling_scheme.png Graphic file (type png)
<use ../fig/Numerical_modelling_scheme.png>
Package pdftex.def Info: ../fig/Numerical_modelling_scheme.png  used on input l
ine 37.
(pdftex.def)             Requested size: 298.75264pt x 62.4092pt.
<../fig/groundingzone.png, id=215, 522.0303pt x 302.3295pt>
File: ../fig/groundingzone.png Graphic file (type png)
<use ../fig/groundingzone.png>
Package pdftex.def Info: ../fig/groundingzone.png  used on input line 46.
(pdftex.def)             Requested size: 298.75264pt x 173.02618pt.


LaTeX Warning: `!h' float specifier changed to `!ht'.

[5 <../fig/Numerical_modelling_scheme.png>] [6 <../fig/groundingzone.png (PNG c
opy)>] [7]
<../fig/Control_volume.png, id=304, 503.8825pt x 425.59pt>
File: ../fig/Control_volume.png Graphic file (type png)
<use ../fig/Control_volume.png>
Package pdftex.def Info: ../fig/Control_volume.png  used on input line 98.
(pdftex.def)             Requested size: 213.39568pt x 180.24019pt.
 [8 <../fig/Control_volume.png>]
<../fig/Stress_2D.png, id=326, 492.84125pt x 422.57875pt>
File: ../fig/Stress_2D.png Graphic file (type png)
<use ../fig/Stress_2D.png>
Package pdftex.def Info: ../fig/Stress_2D.png  used on input line 135.
(pdftex.def)             Requested size: 211.26288pt x 181.14433pt.
<../fig/Stress_tensor.png, id=327, 503.8825pt x 442.65375pt>
File: ../fig/Stress_tensor.png Graphic file (type png)
<use ../fig/Stress_tensor.png>
Package pdftex.def Info: ../fig/Stress_tensor.png  used on input line 141.
(pdftex.def)             Requested size: 211.26288pt x 185.58908pt.


LaTeX Warning: `!h' float specifier changed to `!ht'.

[9]
<../fig/Non_hydrostatic_pressure.png, id=346, 662.475pt x 268.00125pt>
File: ../fig/Non_hydrostatic_pressure.png Graphic file (type png)
<use ../fig/Non_hydrostatic_pressure.png>
Package pdftex.def Info: ../fig/Non_hydrostatic_pressure.png  used on input lin
e 181.
(pdftex.def)             Requested size: 298.75264pt x 120.85707pt.
 [10 <../fig/Stress_2D.png> <../fig/Stress_tensor.png> <../fig/Non_hydrostatic_
pressure.png>]
<../fig/ice_flow.png, id=371, 944.02687pt x 408.77719pt>
File: ../fig/ice_flow.png Graphic file (type png)
<use ../fig/ice_flow.png>
Package pdftex.def Info: ../fig/ice_flow.png  used on input line 205.
(pdftex.def)             Requested size: 298.75264pt x 129.36429pt.
 [11 <../fig/ice_flow.png>] [12]
<../fig/nine-stresses.png, id=421, 517.935pt x 286.1892pt>
File: ../fig/nine-stresses.png Graphic file (type png)
<use ../fig/nine-stresses.png>
Package pdftex.def Info: ../fig/nine-stresses.png  used on input line 280.
(pdftex.def)             Requested size: 298.75264pt x 165.08589pt.
 [13 <../fig/nine-stresses.png>]
<../fig/velocityglaciar.png, id=434, 256.5585pt x 173.448pt>
File: ../fig/velocityglaciar.png Graphic file (type png)
<use ../fig/velocityglaciar.png>
Package pdftex.def Info: ../fig/velocityglaciar.png  used on input line 289.
(pdftex.def)             Requested size: 298.75264pt x 201.99379pt.
 [14 <../fig/velocityglaciar.png>]
<../fig/Grounding_line.png, id=471, 949.5475pt x 359.3425pt>
File: ../fig/Grounding_line.png Graphic file (type png)
<use ../fig/Grounding_line.png>
Package pdftex.def Info: ../fig/Grounding_line.png  used on input line 307.
(pdftex.def)             Requested size: 298.75264pt x 113.0564pt.
<../fig/Weertman.png, id=479, 942.52126pt x 348.30125pt>
File: ../fig/Weertman.png Graphic file (type png)
<use ../fig/Weertman.png>
Package pdftex.def Info: ../fig/Weertman.png  used on input line 320.
(pdftex.def)             Requested size: 298.75264pt x 110.40106pt.
 [15 <../fig/Grounding_line.png> <../fig/Weertman.png>]
<../fig/H2.png, id=496, 538.01pt x 326.21875pt>
File: ../fig/H2.png Graphic file (type png)
<use ../fig/H2.png>
Package pdftex.def Info: ../fig/H2.png  used on input line 380.
(pdftex.def)             Requested size: 298.75264pt x 181.14812pt.


LaTeX Warning: `!h' float specifier changed to `!ht'.

[16] [17 <../fig/H2.png>]
<../fig/non_structured_grid_10km.png, id=558, 678.535pt x 679.53876pt>
File: ../fig/non_structured_grid_10km.png Graphic file (type png)
<use ../fig/non_structured_grid_10km.png>
Package pdftex.def Info: ../fig/non_structured_grid_10km.png  used on input lin
e 419.
(pdftex.def)             Requested size: 192.0548pt x 192.33296pt.
<../fig/regular_grid_10km.png, id=559, 678.535pt x 679.53876pt>
File: ../fig/regular_grid_10km.png Graphic file (type png)
<use ../fig/regular_grid_10km.png>
Package pdftex.def Info: ../fig/regular_grid_10km.png  used on input line 420.
(pdftex.def)             Requested size: 192.0548pt x 192.33296pt.


LaTeX Warning: `!h' float specifier changed to `!ht'.

[18] [19 <../fig/non_structured_grid_10km.png> <../fig/regular_grid_10km.png>]
[20]
<../fig/circular_topo_top.png, id=590, 823.878pt x 602.7318pt>
File: ../fig/circular_topo_top.png Graphic file (type png)
<use ../fig/circular_topo_top.png>
Package pdftex.def Info: ../fig/circular_topo_top.png  used on input line 538.
(pdftex.def)             Requested size: 192.0548pt x 140.50157pt.
<../fig/circular_topo_jet.png, id=591, 773.289pt x 493.6041pt>
File: ../fig/circular_topo_jet.png Graphic file (type png)
<use ../fig/circular_topo_jet.png>
Package pdftex.def Info: ../fig/circular_topo_jet.png  used on input line 539.
(pdftex.def)             Requested size: 192.0548pt x 122.58728pt.


LaTeX Warning: `!h' float specifier changed to `!ht'.

[21]
<../fig/cone.png, id=606, 693.59125pt x 670.505pt>
File: ../fig/cone.png Graphic file (type png)
<use ../fig/cone.png>
Package pdftex.def Info: ../fig/cone.png  used on input line 550.
(pdftex.def)             Requested size: 298.75264pt x 288.81285pt.
 [22 <../fig/circular_topo_top.png> <../fig/circular_topo_jet.png> <../fig/cone
.png>]
<../fig/Thule_2D.png, id=616, 823.878pt x 602.7318pt>
File: ../fig/Thule_2D.png Graphic file (type png)
<use ../fig/Thule_2D.png>
Package pdftex.def Info: ../fig/Thule_2D.png  used on input line 572.
(pdftex.def)             Requested size: 192.0548pt x 140.50157pt.
<../fig/Thule_3D.png, id=617, 746.5491pt x 500.1084pt>
File: ../fig/Thule_3D.png Graphic file (type png)
<use ../fig/Thule_3D.png>
Package pdftex.def Info: ../fig/Thule_3D.png  used on input line 573.
(pdftex.def)             Requested size: 192.0548pt x 128.65152pt.
<../fig/thule.png, id=618, 738.76pt x 703.62875pt>
File: ../fig/thule.png Graphic file (type png)
<use ../fig/thule.png>
Package pdftex.def Info: ../fig/thule.png  used on input line 579.
(pdftex.def)             Requested size: 298.75264pt x 284.53862pt.


LaTeX Warning: `!h' float specifier changed to `!ht'.

[23 <../fig/Thule_2D.png> <../fig/Thule_3D.png>]
<../fig/Profiles_Cone_combined_domains.png, id=635, 971.63pt x 745.78625pt>
File: ../fig/Profiles_Cone_combined_domains.png Graphic file (type png)
<use ../fig/Profiles_Cone_combined_domains.png>
Package pdftex.def Info: ../fig/Profiles_Cone_combined_domains.png  used on inp
ut line 609.
(pdftex.def)             Requested size: 211.26288pt x 162.1503pt.
<../fig/Profiles_Cone_domain_sin_fondo.png, id=636, 1305.87875pt x 791.95876pt>

File: ../fig/Profiles_Cone_domain_sin_fondo.png Graphic file (type png)
<use ../fig/Profiles_Cone_domain_sin_fondo.png>
Package pdftex.def Info: ../fig/Profiles_Cone_domain_sin_fondo.png  used on inp
ut line 615.
(pdftex.def)             Requested size: 211.26288pt x 128.11777pt.
 [24 <../fig/thule.png>]
<../fig/Volume_CONE_full_all_res_vs_time.png, id=649, 1000.9395pt x 602.0091pt>

File: ../fig/Volume_CONE_full_all_res_vs_time.png Graphic file (type png)
<use ../fig/Volume_CONE_full_all_res_vs_time.png>
Package pdftex.def Info: ../fig/Volume_CONE_full_all_res_vs_time.png  used on i
nput line 629.
(pdftex.def)             Requested size: 234.73654pt x 141.1782pt.

Overfull \hbox (21.34087pt too wide) in paragraph at lines 629--630
 [][] 
 []

<../fig/H_CONE_full_all_res_vs_time.png, id=650, 1387.584pt x 723.4227pt>
File: ../fig/H_CONE_full_all_res_vs_time.png Graphic file (type png)
<use ../fig/H_CONE_full_all_res_vs_time.png>
Package pdftex.def Info: ../fig/H_CONE_full_all_res_vs_time.png  used on input 
line 635.
(pdftex.def)             Requested size: 234.73654pt x 122.37311pt.

Overfull \hbox (21.34087pt too wide) in paragraph at lines 635--636
 [][] 
 []

<../fig/Volume_CONE_full_all_res_vs_num_nodes.png, id=653, 802.9197pt x 624.412
8pt>
File: ../fig/Volume_CONE_full_all_res_vs_num_nodes.png Graphic file (type png)
<use ../fig/Volume_CONE_full_all_res_vs_num_nodes.png>
Package pdftex.def Info: ../fig/Volume_CONE_full_all_res_vs_num_nodes.png  used
 on input line 649.
(pdftex.def)             Requested size: 211.26144pt x 164.28716pt.

Overfull \hbox (19.20665pt too wide) in paragraph at lines 649--650
 [][] 
 []

<../fig/H_CONE_full_all_res_vs_num_nodes.png, id=654, 837.6093pt x 682.2288pt>
File: ../fig/H_CONE_full_all_res_vs_num_nodes.png Graphic file (type png)
<use ../fig/H_CONE_full_all_res_vs_num_nodes.png>
Package pdftex.def Info: ../fig/H_CONE_full_all_res_vs_num_nodes.png  used on i
nput line 655.
(pdftex.def)             Requested size: 211.26144pt x 172.06622pt.

Overfull \hbox (19.20665pt too wide) in paragraph at lines 655--656
 [][] 
 []


LaTeX Warning: `!h' float specifier changed to `!ht'.

[25 <../fig/Profiles_Cone_combined_domains.png> <../fig/Profiles_Cone_domain_si
n_fondo.png (PNG copy)> <../fig/Volume_CONE_full_all_res_vs_time.png> <../fig/H
_CONE_full_all_res_vs_time.png>]
<../fig/Figure_Time_vs_nodes_Segundos.png, id=671, 1336.995pt x 706.0779pt>
File: ../fig/Figure_Time_vs_nodes_Segundos.png Graphic file (type png)
<use ../fig/Figure_Time_vs_nodes_Segundos.png>
Package pdftex.def Info: ../fig/Figure_Time_vs_nodes_Segundos.png  used on inpu
t line 669.
(pdftex.def)             Requested size: 234.73654pt x 123.96411pt.

Overfull \hbox (21.34087pt too wide) in paragraph at lines 669--670
 [][] 
 []

<../fig/Figure_Time_vs_nodes_32.png, id=672, 1336.995pt x 706.0779pt>
File: ../fig/Figure_Time_vs_nodes_32.png Graphic file (type png)
<use ../fig/Figure_Time_vs_nodes_32.png>
Package pdftex.def Info: ../fig/Figure_Time_vs_nodes_32.png  used on input line
 675.
(pdftex.def)             Requested size: 234.73654pt x 123.96411pt.

Overfull \hbox (21.34087pt too wide) in paragraph at lines 675--676
 [][] 
 []

[26 <../fig/Volume_CONE_full_all_res_vs_num_nodes.png> <../fig/H_CONE_full_all_
res_vs_num_nodes.png> <../fig/Figure_Time_vs_nodes_Segundos.png> <../fig/Figure
_TIme_vs_nodes_32.png>]
<../fig/Grounded_zone_50km_CONE.png, id=685, 545.03625pt x 606.265pt>
File: ../fig/Grounded_zone_50km_CONE.png Graphic file (type png)
<use ../fig/Grounded_zone_50km_CONE.png>
Package pdftex.def Info: ../fig/Grounded_zone_50km_CONE.png  used on input line
 691.
(pdftex.def)             Requested size: 106.69783pt x 118.67911pt.
<../fig/Grounded_zone_20km_CONE.png, id=686, 591.20876pt x 637.38126pt>
File: ../fig/Grounded_zone_20km_CONE.png Graphic file (type png)
<use ../fig/Grounded_zone_20km_CONE.png>
Package pdftex.def Info: ../fig/Grounded_zone_20km_CONE.png  used on input line
 696.
(pdftex.def)             Requested size: 106.69783pt x 115.02516pt.
<../fig/Grounded_zone_10km_CONE.png, id=687, 588.1975pt x 636.3775pt>
File: ../fig/Grounded_zone_10km_CONE.png Graphic file (type png)
<use ../fig/Grounded_zone_10km_CONE.png>
Package pdftex.def Info: ../fig/Grounded_zone_10km_CONE.png  used on input line
 701.
(pdftex.def)             Requested size: 106.69783pt x 115.43636pt.
<../fig/Grounded_zone_5km_CONE.png, id=688, 587.19376pt x 635.37375pt>
File: ../fig/Grounded_zone_5km_CONE.png Graphic file (type png)
<use ../fig/Grounded_zone_5km_CONE.png>
Package pdftex.def Info: ../fig/Grounded_zone_5km_CONE.png  used on input line 
708.
(pdftex.def)             Requested size: 106.69783pt x 115.44818pt.
<../fig/Grounded_zone_2km_CONE.png, id=689, 585.18625pt x 633.36626pt>
File: ../fig/Grounded_zone_2km_CONE.png Graphic file (type png)
<use ../fig/Grounded_zone_2km_CONE.png>
Package pdftex.def Info: ../fig/Grounded_zone_2km_CONE.png  used on input line 
713.
(pdftex.def)             Requested size: 106.69783pt x 115.47964pt.
<../fig/Grounded_zone_1km_CONE.png, id=690, 583.17876pt x 633.36626pt>
File: ../fig/Grounded_zone_1km_CONE.png Graphic file (type png)
<use ../fig/Grounded_zone_1km_CONE.png>
Package pdftex.def Info: ../fig/Grounded_zone_1km_CONE.png  used on input line 
718.
(pdftex.def)             Requested size: 106.69783pt x 115.87589pt.
<../fig/Figure_CONE_GL_positions.png, id=691, 1336.995pt x 706.0779pt>
File: ../fig/Figure_CONE_GL_positions.png Graphic file (type png)
<use ../fig/Figure_CONE_GL_positions.png>
Package pdftex.def Info: ../fig/Figure_CONE_GL_positions.png  used on input lin
e 728.
(pdftex.def)             Requested size: 341.43437pt x 180.31143pt.


LaTeX Warning: `!h' float specifier changed to `!ht'.

<../fig/Grounding_line_integrated_full_domain-quarter-_CONE_time.png, id=694, 8
12.03375pt x 711.65875pt>
File: ../fig/Grounding_line_integrated_full_domain-quarter-_CONE_time.png Graph
ic file (type png)
<use ../fig/Grounding_line_integrated_full_domain-quarter-_CONE_time.png>
Package pdftex.def Info: ../fig/Grounding_line_integrated_full_domain-quarter-_
CONE_time.png  used on input line 737.
(pdftex.def)             Requested size: 256.07741pt x 224.42345pt.

LaTeX Warning: `!h' float specifier changed to `!ht'.

[27 <../fig/Grounded_zone_50km_CONE.png> <../fig/Grounded_zone_20km_CONE.png> <
../fig/Grounded_zone_10km_CONE.png> <../fig/Grounded_zone_5km_CONE.png> <../fig
/Grounded_zone_2km_CONE.png> <../fig/Grounded_zone_1km_CONE.png>] [28 <../fig/F
igure_CONE_GL_positions.png> <../fig/Grounding_line_integrated_full_domain-quar
ter-_CONE_time.png>]
<../fig/10km_quarter_h_thickness_sin_fondo.png, id=711, 582.175pt x 390.45876pt
>
File: ../fig/10km_quarter_h_thickness_sin_fondo.png Graphic file (type png)
<use ../fig/10km_quarter_h_thickness_sin_fondo.png>
Package pdftex.def Info: ../fig/10km_quarter_h_thickness_sin_fondo.png  used on
 input line 751.
(pdftex.def)             Requested size: 192.0548pt x 128.80412pt.
<../fig/5km_quarter_h_thickness_sin_fondo.png, id=712, 581.17125pt x 391.4625pt
>
File: ../fig/5km_quarter_h_thickness_sin_fondo.png Graphic file (type png)
<use ../fig/5km_quarter_h_thickness_sin_fondo.png>
Package pdftex.def Info: ../fig/5km_quarter_h_thickness_sin_fondo.png  used on 
input line 756.
(pdftex.def)             Requested size: 192.0548pt x 129.36221pt.
<../fig/2km_quarter_h_thickness_sin_fondo.png, id=713, 662.475pt x 473.77pt>
File: ../fig/2km_quarter_h_thickness_sin_fondo.png Graphic file (type png)
<use ../fig/2km_quarter_h_thickness_sin_fondo.png>
Package pdftex.def Info: ../fig/2km_quarter_h_thickness_sin_fondo.png  used on 
input line 761.
(pdftex.def)             Requested size: 192.0548pt x 137.3464pt.
<../fig/1km_quarter_h_thickness_sin_fondo.png, id=714, 580.1675pt x 393.47pt>
File: ../fig/1km_quarter_h_thickness_sin_fondo.png Graphic file (type png)
<use ../fig/1km_quarter_h_thickness_sin_fondo.png>
Package pdftex.def Info: ../fig/1km_quarter_h_thickness_sin_fondo.png  used on 
input line 766.
(pdftex.def)             Requested size: 192.0548pt x 130.25375pt.
<../fig/10km_quarter_cone_hvelocity_sin_fondo.png, id=715, 587.19376pt x 405.51
5pt>
File: ../fig/10km_quarter_cone_hvelocity_sin_fondo.png Graphic file (type png)
<use ../fig/10km_quarter_cone_hvelocity_sin_fondo.png>
Package pdftex.def Info: ../fig/10km_quarter_cone_hvelocity_sin_fondo.png  used
 on input line 773.
(pdftex.def)             Requested size: 192.0548pt x 132.63232pt.
<../fig/5km_quarter_cone_hvelocity_sin_fondo.png, id=716, 591.20876pt x 406.518
75pt>
File: ../fig/5km_quarter_cone_hvelocity_sin_fondo.png Graphic file (type png)
<use ../fig/5km_quarter_cone_hvelocity_sin_fondo.png>
Package pdftex.def Info: ../fig/5km_quarter_cone_hvelocity_sin_fondo.png  used 
on input line 778.
(pdftex.def)             Requested size: 192.0548pt x 132.055pt.
<../fig/2km_quarter_cone_hvelocity_sin_fondo.png, id=717, 667.49374pt x 489.83p
t>
File: ../fig/2km_quarter_cone_hvelocity_sin_fondo.png Graphic file (type png)
<use ../fig/2km_quarter_cone_hvelocity_sin_fondo.png>
Package pdftex.def Info: ../fig/2km_quarter_cone_hvelocity_sin_fondo.png  used 
on input line 783.
(pdftex.def)             Requested size: 192.0548pt x 140.9334pt.
<../fig/1km_quarter_cone_hvelocity_sin_fondo.png, id=718, 583.17876pt x 406.518
75pt>
File: ../fig/1km_quarter_cone_hvelocity_sin_fondo.png Graphic file (type png)
<use ../fig/1km_quarter_cone_hvelocity_sin_fondo.png>
Package pdftex.def Info: ../fig/1km_quarter_cone_hvelocity_sin_fondo.png  used 
on input line 788.
(pdftex.def)             Requested size: 192.0548pt x 133.87245pt.


LaTeX Warning: `!h' float specifier changed to `!ht'.

<../fig/Profiles_Thule_combined_domains_2_con_fondo.png, id=724, 936.49875pt x 
677.53125pt>
File: ../fig/Profiles_Thule_combined_domains_2_con_fondo.png Graphic file (type
 png)
<use ../fig/Profiles_Thule_combined_domains_2_con_fondo.png>
Package pdftex.def Info: ../fig/Profiles_Thule_combined_domains_2_con_fondo.png
  used on input line 805.
(pdftex.def)             Requested size: 221.93332pt x 160.56384pt.
<../fig/Capronas_Thule_Domain_con_fondo.png, id=725, 919.435pt x 378.41376pt>
File: ../fig/Capronas_Thule_Domain_con_fondo.png Graphic file (type png)
<use ../fig/Capronas_Thule_Domain_con_fondo.png>
Package pdftex.def Info: ../fig/Capronas_Thule_Domain_con_fondo.png  used on in
put line 815.
(pdftex.def)             Requested size: 204.85802pt x 84.31372pt.
<../fig/Halbranes_thule_domain_con_fondo.png, id=726, 919.435pt x 377.41pt>
File: ../fig/Halbranes_thule_domain_con_fondo.png Graphic file (type png)
<use ../fig/Halbranes_thule_domain_con_fondo.png>
Package pdftex.def Info: ../fig/Halbranes_thule_domain_con_fondo.png  used on i
nput line 825.
(pdftex.def)             Requested size: 204.85802pt x 84.09007pt.

LaTeX Warning: `!h' float specifier changed to `!ht'.

<../fig/H_THULE_full_all_res_vs_time.png, id=732, 1387.584pt x 723.4227pt>
File: ../fig/H_THULE_full_all_res_vs_time.png Graphic file (type png)
<use ../fig/H_THULE_full_all_res_vs_time.png>
Package pdftex.def Info: ../fig/H_THULE_full_all_res_vs_time.png  used on input
 line 848.
(pdftex.def)             Requested size: 234.73654pt x 122.37311pt.

Overfull \hbox (21.34087pt too wide) in paragraph at lines 848--849
 [][] 
 []

<../fig/Volume_THULE_full_all_res_vs_time.png, id=733, 1113.6807pt x 688.0104pt
>
File: ../fig/Volume_THULE_full_all_res_vs_time.png Graphic file (type png)
<use ../fig/Volume_THULE_full_all_res_vs_time.png>
Package pdftex.def Info: ../fig/Volume_THULE_full_all_res_vs_time.png  used on 
input line 854.
(pdftex.def)             Requested size: 234.73654pt x 145.01135pt.

Overfull \hbox (21.34087pt too wide) in paragraph at lines 854--855
 [][] 
 []


LaTeX Warning: `!h' float specifier changed to `!ht'.

<../fig/H_THULE_full_all_res_vs_num_nodes.png, id=734, 812.3148pt x 612.1269pt>

File: ../fig/H_THULE_full_all_res_vs_num_nodes.png Graphic file (type png)
<use ../fig/H_THULE_full_all_res_vs_num_nodes.png>
Package pdftex.def Info: ../fig/H_THULE_full_all_res_vs_num_nodes.png  used on 
input line 866.
(pdftex.def)             Requested size: 211.26144pt x 159.19594pt.

Overfull \hbox (19.20665pt too wide) in paragraph at lines 866--867
 [][] 
 []

<../fig/Volume_THULE_full_all_res_vs_num_nodes.png, id=735, 906.9885pt x 601.28
64pt>
File: ../fig/Volume_THULE_full_all_res_vs_num_nodes.png Graphic file (type png)

<use ../fig/Volume_THULE_full_all_res_vs_num_nodes.png>
Package pdftex.def Info: ../fig/Volume_THULE_full_all_res_vs_num_nodes.png  use
d on input line 872.
(pdftex.def)             Requested size: 211.26144pt x 140.05453pt.

Overfull \hbox (19.20665pt too wide) in paragraph at lines 872--873
 [][] 
 []


LaTeX Warning: `!h' float specifier changed to `!ht'.

<../fig/Grounded_zone_50km.png, id=736, 527.9725pt x 602.25pt>
File: ../fig/Grounded_zone_50km.png Graphic file (type png)
<use ../fig/Grounded_zone_50km.png>
Package pdftex.def Info: ../fig/Grounded_zone_50km.png  used on input line 883.

(pdftex.def)             Requested size: 106.69783pt x 121.70683pt.
<../fig/Grounded_zone_20km.png, id=737, 583.17876pt x 626.34pt>
File: ../fig/Grounded_zone_20km.png Graphic file (type png)
<use ../fig/Grounded_zone_20km.png>
Package pdftex.def Info: ../fig/Grounded_zone_20km.png  used on input line 888.

(pdftex.def)             Requested size: 106.69783pt x 114.59042pt.
<../fig/Grounded_zone_10km.png, id=738, 591.20876pt x 633.36626pt>
File: ../fig/Grounded_zone_10km.png Graphic file (type png)
<use ../fig/Grounded_zone_10km.png>
Package pdftex.def Info: ../fig/Grounded_zone_10km.png  used on input line 893.

(pdftex.def)             Requested size: 106.69783pt x 114.3006pt.
<../fig/Grounded_zone_5km.png, id=739, 587.19376pt x 632.3625pt>
File: ../fig/Grounded_zone_5km.png Graphic file (type png)
<use ../fig/Grounded_zone_5km.png>
Package pdftex.def Info: ../fig/Grounded_zone_5km.png  used on input line 900.
(pdftex.def)             Requested size: 106.69783pt x 114.90103pt.
<../fig/Grounded_zone_2km.png, id=740, 585.18625pt x 630.355pt>
File: ../fig/Grounded_zone_2km.png Graphic file (type png)
<use ../fig/Grounded_zone_2km.png>
Package pdftex.def Info: ../fig/Grounded_zone_2km.png  used on input line 905.
(pdftex.def)             Requested size: 106.69783pt x 114.93062pt.
<../fig/Grounded_zone_1km.png, id=741, 583.17876pt x 630.355pt>
File: ../fig/Grounded_zone_1km.png Graphic file (type png)
<use ../fig/Grounded_zone_1km.png>
Package pdftex.def Info: ../fig/Grounded_zone_1km.png  used on input line 910.
(pdftex.def)             Requested size: 106.69783pt x 115.32497pt.

LaTeX Warning: `!h' float specifier changed to `!ht'.

[29]

LaTeX Warning: Text page 30 contains only floats.

[30 <../fig/10km_quarter_h_thickness_sin_fondo.png> <../fig/5km_quarter_h_thick
ness_sin_fondo.png> <../fig/2km_quarter_h_thickness_sin_fondo.png> <../fig/1km_
quarter_h_thickness_sin_fondo.png> <../fig/10km_quarter_cone_hvelocity_sin_fond
o.png> <../fig/5km_quarter_cone_hvelocity_sin_fondo.png> <../fig/2km_quarter_co
ne_hvelocity_sin_fondo.png> <../fig/1km_quarter_cone_hvelocity_sin_fondo.png>]
<../fig/Figure_THULE_GLpositions_Capronas.png, id=771, 1336.995pt x 706.0779pt>

File: ../fig/Figure_THULE_GLpositions_Capronas.png Graphic file (type png)
<use ../fig/Figure_THULE_GLpositions_Capronas.png>
Package pdftex.def Info: ../fig/Figure_THULE_GLpositions_Capronas.png  used on 
input line 928.
(pdftex.def)             Requested size: 234.73654pt x 123.96411pt.

Overfull \hbox (21.34087pt too wide) in paragraph at lines 928--929
 [][] 
 []

<../fig/Figure_THULE_GLpositions_Halbranes.png, id=772, 1336.995pt x 706.0779pt
>
File: ../fig/Figure_THULE_GLpositions_Halbranes.png Graphic file (type png)
<use ../fig/Figure_THULE_GLpositions_Halbranes.png>
Package pdftex.def Info: ../fig/Figure_THULE_GLpositions_Halbranes.png  used on
 input line 934.
(pdftex.def)             Requested size: 234.73654pt x 123.96411pt.

Overfull \hbox (21.34087pt too wide) in paragraph at lines 934--935
 [][] 
 []


LaTeX Warning: `!h' float specifier changed to `!ht'.

<../fig/H_EXP3_colorfull_noProfiles.png, id=773, 795.97375pt x 664.4825pt>
File: ../fig/H_EXP3_colorfull_noProfiles.png Graphic file (type png)
<use ../fig/H_EXP3_colorfull_noProfiles.png>
Package pdftex.def Info: ../fig/H_EXP3_colorfull_noProfiles.png  used on input 
line 946.
(pdftex.def)             Requested size: 256.07741pt x 213.77432pt.

LaTeX Warning: `!h' float specifier changed to `!ht'.

[31 <../fig/Profiles_Thule_combined_domains_2_con_fondo.png> <../fig/Capronas_T
hule_Domain_con_fondo.png (PNG copy)> <../fig/Halbranes_thule_domain_con_fondo.
png (PNG copy)> <../fig/H_THULE_full_all_res_vs_time.png> <../fig/Volume_THULE_
full_all_res_vs_time.png>] [32 <../fig/H_THULE_full_all_res_vs_num_nodes.png> <
../fig/Volume_THULE_full_all_res_vs_num_nodes.png> <../fig/Grounded_zone_50km.p
ng> <../fig/Grounded_zone_20km.png> <../fig/Grounded_zone_10km.png> <../fig/Gro
unded_zone_5km.png> <../fig/Grounded_zone_2km.png> <../fig/Grounded_zone_1km.pn
g>] [33 <../fig/Figure_THULE_GLpositions_Capronas.png> <../fig/Figure_THULE_GLp
ositions_Halbranes.png> <../fig/H_EXP3_colorfull_noProfiles.png>] [34] [35]
(./report.bbl [36] [37]) [38] (./report.aux)
Package rerunfilecheck Info: File `report.out' has not changed.
(rerunfilecheck)             Checksum: F1BD1B12F23A8991CC9966F8F687005A;5216.
 ) 
Here is how much of TeX's memory you used:
 13865 strings out of 480247
 229292 string characters out of 5896151
 528199 words of memory out of 5000000
 31397 multiletter control sequences out of 15000+600000
 475323 words of font info for 49 fonts, out of 8000000 for 9000
 14 hyphenation exceptions out of 8191
 67i,14n,77p,1913b,609s stack positions out of 5000i,500n,10000p,200000b,80000s
 </home/stage/.texlive2021/texmf-var/fonts/pk/ljfour/jknappen/ec/tcrm1000.600
pk></usr/share/texlive/texmf-dist/fonts/type1/public/amsfonts/cm/cmbx10.pfb></u
sr/share/texlive/texmf-dist/fonts/type1/public/amsfonts/cm/cmbx12.pfb></usr/sha
re/texlive/texmf-dist/fonts/type1/public/amsfonts/cm/cmex10.pfb></usr/share/tex
live/texmf-dist/fonts/type1/public/amsfonts/cm/cmmi10.pfb></usr/share/texlive/t
exmf-dist/fonts/type1/public/amsfonts/cm/cmmi5.pfb></usr/share/texlive/texmf-di
st/fonts/type1/public/amsfonts/cm/cmmi7.pfb></usr/share/texlive/texmf-dist/font
s/type1/public/amsfonts/cm/cmr10.pfb></usr/share/texlive/texmf-dist/fonts/type1
/public/amsfonts/cm/cmr5.pfb></usr/share/texlive/texmf-dist/fonts/type1/public/
amsfonts/cm/cmr7.pfb></usr/share/texlive/texmf-dist/fonts/type1/public/amsfonts
/cm/cmr8.pfb></usr/share/texlive/texmf-dist/fonts/type1/public/amsfonts/cm/cmr9
.pfb></usr/share/texlive/texmf-dist/fonts/type1/public/amsfonts/cm/cmsy10.pfb><
/usr/share/texlive/texmf-dist/fonts/type1/public/amsfonts/cm/cmsy5.pfb></usr/sh
are/texlive/texmf-dist/fonts/type1/public/amsfonts/cm/cmsy7.pfb></usr/share/tex
live/texmf-dist/fonts/type1/public/amsfonts/cm/cmti10.pfb>
Output written on report.pdf (38 pages, 4375365 bytes).
PDF statistics:
 943 PDF objects out of 1000 (max. 8388607)
 744 compressed objects within 8 object streams
 195 named destinations out of 1000 (max. 500000)
 570 words of extra memory for PDF output out of 10000 (max. 10000000)

